Using pre-set license
Built from '2020.3/staging' branch; Version is '2020.3.19f1 (68f137dc9bbe) revision 6877495'; Using compiler version '192528614'; Build Type 'Release'
OS: 'Windows 10 Home; OS build 19044.1645; Version 2009; 64bit' Language: 'pl' Physical Memory: 8057 MB
BatchMode: 1, IsHumanControllingUs: 0, StartBugReporterOnCrash: 0, Is64bit: 1, IsPro: 0

COMMAND LINE ARGUMENTS:
C:\Program Files\Unity\Hub\Editor\2020.3.19f1\Editor\Unity.exe
-adb2
-batchMode
-noUpm
-name
AssetImportWorker0
-projectPath
C:/Users/janek/source/repos/Labirynth
-logFile
Logs/AssetImportWorker0.log
-srvPort
64841
Successfully changed project path to: C:/Users/janek/source/repos/Labirynth
C:/Users/janek/source/repos/Labirynth
Using Asset Import Pipeline V2.
Refreshing native plugins compatible for Editor in 80.66 ms, found 2 plugins.
Preloading 0 native plugins for Editor in 0.00 ms.
Initialize engine version: 2020.3.19f1 (68f137dc9bbe)
[Subsystems] Discovering subsystems at path C:/Program Files/Unity/Hub/Editor/2020.3.19f1/Editor/Data/Resources/UnitySubsystems
[Subsystems] Discovering subsystems at path C:/Users/janek/source/repos/Labirynth/Assets
GfxDevice: creating device client; threaded=0
Direct3D:
    Version:  Direct3D 11.0 [level 11.1]
    Renderer: Intel(R) HD Graphics 620 (ID=0x5916)
    Vendor:   
    VRAM:     4028 MB
    Driver:   27.20.100.8854
Initialize mono
Mono path[0] = 'C:/Program Files/Unity/Hub/Editor/2020.3.19f1/Editor/Data/Managed'
Mono path[1] = 'C:/Program Files/Unity/Hub/Editor/2020.3.19f1/Editor/Data/MonoBleedingEdge/lib/mono/unityjit'
Mono config path = 'C:/Program Files/Unity/Hub/Editor/2020.3.19f1/Editor/Data/MonoBleedingEdge/etc'
Using monoOptions --debugger-agent=transport=dt_socket,embedding=1,server=y,suspend=n,address=127.0.0.1:56376
Begin MonoManager ReloadAssembly
Registering precompiled unity dll's ...
Register platform support module: C:/Program Files/Unity/Hub/Editor/2020.3.19f1/Editor/Data/PlaybackEngines/WindowsStandaloneSupport/UnityEditor.WindowsStandalone.Extensions.dll
Registered in 0.010273 seconds.
Native extension for WindowsStandalone target not found
Refreshing native plugins compatible for Editor in 77.49 ms, found 2 plugins.
Preloading 0 native plugins for Editor in 0.00 ms.
Mono: successfully reloaded assembly
- Completed reload, in  9.298 seconds
Domain Reload Profiling:
	ReloadAssembly (9299ms)
		BeginReloadAssembly (99ms)
			ExecutionOrderSort (0ms)
			DisableScriptedObjects (0ms)
			BackupInstance (0ms)
			ReleaseScriptingObjects (0ms)
			CreateAndSetChildDomain (1ms)
		EndReloadAssembly (1270ms)
			LoadAssemblies (95ms)
			RebuildTransferFunctionScriptingTraits (0ms)
			SetupTypeCache (553ms)
			ReleaseScriptCaches (0ms)
			RebuildScriptCaches (85ms)
			SetupLoadedEditorAssemblies (421ms)
				LogAssemblyErrors (0ms)
				InitializePlatformSupportModulesInManaged (10ms)
				SetLoadedEditorAssemblies (0ms)
				RefreshPlugins (78ms)
				BeforeProcessingInitializeOnLoad (42ms)
				ProcessInitializeOnLoadAttributes (207ms)
				ProcessInitializeOnLoadMethodAttributes (83ms)
				AfterProcessingInitializeOnLoad (0ms)
				EditorAssembliesLoaded (0ms)
			ExecutionOrderSort2 (0ms)
			AwakeInstancesAfterBackupRestoration (0ms)
Platform modules already initialized, skipping
Registering precompiled user dll's ...
Registered in 0.005889 seconds.
Begin MonoManager ReloadAssembly
Native extension for WindowsStandalone target not found
Refreshing native plugins compatible for Editor in 0.69 ms, found 2 plugins.
Preloading 0 native plugins for Editor in 0.00 ms.
Mono: successfully reloaded assembly
- Completed reload, in  2.298 seconds
Domain Reload Profiling:
	ReloadAssembly (2300ms)
		BeginReloadAssembly (301ms)
			ExecutionOrderSort (0ms)
			DisableScriptedObjects (11ms)
			BackupInstance (0ms)
			ReleaseScriptingObjects (0ms)
			CreateAndSetChildDomain (40ms)
		EndReloadAssembly (1884ms)
			LoadAssemblies (168ms)
			RebuildTransferFunctionScriptingTraits (0ms)
			SetupTypeCache (706ms)
			ReleaseScriptCaches (1ms)
			RebuildScriptCaches (100ms)
			SetupLoadedEditorAssemblies (680ms)
				LogAssemblyErrors (0ms)
				InitializePlatformSupportModulesInManaged (12ms)
				SetLoadedEditorAssemblies (1ms)
				RefreshPlugins (1ms)
				BeforeProcessingInitializeOnLoad (184ms)
				ProcessInitializeOnLoadAttributes (462ms)
				ProcessInitializeOnLoadMethodAttributes (6ms)
				AfterProcessingInitializeOnLoad (14ms)
				EditorAssembliesLoaded (0ms)
			ExecutionOrderSort2 (0ms)
			AwakeInstancesAfterBackupRestoration (9ms)
Platform modules already initialized, skipping
========================================================================
Worker process is ready to serve import requests
Launched and connected shader compiler UnityShaderCompiler.exe after 0.12 seconds
Refreshing native plugins compatible for Editor in 0.51 ms, found 2 plugins.
Preloading 0 native plugins for Editor in 0.00 ms.
Unloading 1413 Unused Serialized files (Serialized files now loaded: 0)
System memory in use before: 65.8 MB.
System memory in use after: 65.9 MB.

Unloading 16 unused Assets to reduce memory usage. Loaded Objects now: 1850.
Total: 5.579700 ms (FindLiveObjects: 0.278100 ms CreateObjectMapping: 0.077500 ms MarkObjects: 5.095100 ms  DeleteObjects: 0.127200 ms)

AssetImportParameters requested are different than current active one (requested -> active):
  custom:framework-win-MediaFoundation: 216162199b28c13a410421893ffa2e32 -> 
  custom:video-decoder-ogg-theora: a1e56fd34408186e4bbccfd4996cb3dc -> 
  custom:container-muxer-webm: aa71ff27fc2769a1b78a27578f13a17b -> 
  custom:container-demuxer-webm: 4f35f7cbe854078d1ac9338744f61a02 -> 
  custom:container-demuxer-ogg: 62fdf1f143b41e24485cea50d1cbac27 -> 
  custom:video-encoder-webm-vp8: eb34c28f22e8b96e1ab97ce403110664 -> 
  custom:video-codec-MediaFoundation-h265: 746d11721c4dcdbdad8f713fa42b33f4 -> 
  custom:video-decoder-webm-vp8: 9c59270c3fd7afecdb556c50c9e8de78 -> 
  custom:audio-decoder-ogg-vorbis: bf7c407c2cedff20999df2af8eb42d56 -> 
  custom:audio-encoder-webm-vorbis: bf7c407c2cedff20999df2af8eb42d56 -> 
========================================================================
Received Import Request.
  path: Assets/SkyBox Volume 2/DeepSpaceBlueWithPlanet/DSBWP.mat
  artifactKey: Guid(b8f20d5ca50d16143afc11f5e4af6fc1) Importer(815301076,1909f56bfc062723c751e8b465ee728b)
Start importing Assets/SkyBox Volume 2/DeepSpaceBlueWithPlanet/DSBWP.mat using Guid(b8f20d5ca50d16143afc11f5e4af6fc1) Importer(815301076,1909f56bfc062723c751e8b465ee728b)  -> (artifact id: '08af64e8d81dff05041255c82f7b9b12') in 0.551003 seconds 
  Import took 0.557270 seconds .

========================================================================
Received Import Request.
  Time since last request: 0.000592 seconds.
  path: Assets/SkyBox Volume 2/DeepSpaceBlueWithPlanet/frontImage.png
  artifactKey: Guid(5695b2a32243d1e40884ad984dd6423d) Importer(815301076,1909f56bfc062723c751e8b465ee728b)
Start importing Assets/SkyBox Volume 2/DeepSpaceBlueWithPlanet/frontImage.png using Guid(5695b2a32243d1e40884ad984dd6423d) Importer(815301076,1909f56bfc062723c751e8b465ee728b)  -> (artifact id: '870576c0fedd4a82ab642e27df6c939e') in 0.056051 seconds 
  Import took 0.060496 seconds .

========================================================================
Received Import Request.
  Time since last request: 0.001247 seconds.
  path: Assets/SkyBox Volume 2/DeepSpaceBlueWithPlanet/leftImage.png
  artifactKey: Guid(0373ee03f989db143826ef682bb33f93) Importer(815301076,1909f56bfc062723c751e8b465ee728b)
Start importing Assets/SkyBox Volume 2/DeepSpaceBlueWithPlanet/leftImage.png using Guid(0373ee03f989db143826ef682bb33f93) Importer(815301076,1909f56bfc062723c751e8b465ee728b)  -> (artifact id: 'c77123e8eebbba3239579dfb15c94afb') in 0.024153 seconds 
  Import took 0.029512 seconds .

========================================================================
Received Import Request.
  Time since last request: 0.000705 seconds.
  path: Assets/SkyBox Volume 2/DeepSpaceBlueWithPlanet/downImage.png
  artifactKey: Guid(42f68b6cc6ff3fa47b83a2664bf08ae9) Importer(815301076,1909f56bfc062723c751e8b465ee728b)
Start importing Assets/SkyBox Volume 2/DeepSpaceBlueWithPlanet/downImage.png using Guid(42f68b6cc6ff3fa47b83a2664bf08ae9) Importer(815301076,1909f56bfc062723c751e8b465ee728b)  -> (artifact id: '2e207a4a7740ba4e7a504d5b7f2c759d') in 0.024612 seconds 
  Import took 0.031265 seconds .

========================================================================
Received Import Request.
  Time since last request: 0.000774 seconds.
  path: Assets/SkyBox Volume 2/DeepSpaceBlueWithPlanet/backImage.png
  artifactKey: Guid(04550512a36deb34887e513ee0f31545) Importer(815301076,1909f56bfc062723c751e8b465ee728b)
Start importing Assets/SkyBox Volume 2/DeepSpaceBlueWithPlanet/backImage.png using Guid(04550512a36deb34887e513ee0f31545) Importer(815301076,1909f56bfc062723c751e8b465ee728b)  -> (artifact id: 'bed57adbcba470c9347458560aa79559') in 0.024944 seconds 
  Import took 0.029500 seconds .

========================================================================
Received Import Request.
  Time since last request: 0.000619 seconds.
  path: Assets/SkyBox Volume 2/DeepSpaceBlueWithPlanet/upImage.png
  artifactKey: Guid(5c4046e19400c9f44961b6350406ae65) Importer(815301076,1909f56bfc062723c751e8b465ee728b)
Start importing Assets/SkyBox Volume 2/DeepSpaceBlueWithPlanet/upImage.png using Guid(5c4046e19400c9f44961b6350406ae65) Importer(815301076,1909f56bfc062723c751e8b465ee728b)  -> (artifact id: '4263d6583700b96d9d31687fa3e01270') in 0.026596 seconds 
  Import took 0.030169 seconds .

========================================================================
Received Import Request.
  Time since last request: 0.000509 seconds.
  path: Assets/SkyBox Volume 2/DeepSpaceBlueWithPlanet/rightImage.png
  artifactKey: Guid(ba628713edc8c9246ae86c79210da921) Importer(815301076,1909f56bfc062723c751e8b465ee728b)
Start importing Assets/SkyBox Volume 2/DeepSpaceBlueWithPlanet/rightImage.png using Guid(ba628713edc8c9246ae86c79210da921) Importer(815301076,1909f56bfc062723c751e8b465ee728b)  -> (artifact id: '9590422053649e0d7f8a1e66c5aeeceb') in 0.024764 seconds 
  Import took 0.030267 seconds .

========================================================================
Received Prepare
Refreshing native plugins compatible for Editor in 3.97 ms, found 2 plugins.
Preloading 0 native plugins for Editor in 0.00 ms.
Unloading 9 Unused Serialized files (Serialized files now loaded: 0)
System memory in use before: 41.6 MB.
System memory in use after: 41.7 MB.

Unloading 9 unused Assets to reduce memory usage. Loaded Objects now: 1892.
Total: 5.800500 ms (FindLiveObjects: 0.250400 ms CreateObjectMapping: 0.094300 ms MarkObjects: 5.438300 ms  DeleteObjects: 0.016000 ms)

AssetImportParameters requested are different than current active one (requested -> active):
  custom:framework-win-MediaFoundation: 216162199b28c13a410421893ffa2e32 -> 
  custom:video-decoder-ogg-theora: a1e56fd34408186e4bbccfd4996cb3dc -> 
  custom:container-muxer-webm: aa71ff27fc2769a1b78a27578f13a17b -> 
  custom:container-demuxer-webm: 4f35f7cbe854078d1ac9338744f61a02 -> 
  custom:container-demuxer-ogg: 62fdf1f143b41e24485cea50d1cbac27 -> 
  custom:video-encoder-webm-vp8: eb34c28f22e8b96e1ab97ce403110664 -> 
  custom:video-codec-MediaFoundation-h265: 746d11721c4dcdbdad8f713fa42b33f4 -> 
  custom:video-decoder-webm-vp8: 9c59270c3fd7afecdb556c50c9e8de78 -> 
  custom:audio-decoder-ogg-vorbis: bf7c407c2cedff20999df2af8eb42d56 -> 
  custom:audio-encoder-webm-vorbis: bf7c407c2cedff20999df2af8eb42d56 -> 
========================================================================
Received Import Request.
  Time since last request: 69.267875 seconds.
  path: Assets/Materials/Test
  artifactKey: Guid(3ea8adb3a09867d45ae171a31357a6f2) Importer(815301076,1909f56bfc062723c751e8b465ee728b)
Start importing Assets/Materials/Test using Guid(3ea8adb3a09867d45ae171a31357a6f2) Importer(815301076,1909f56bfc062723c751e8b465ee728b)  -> (artifact id: '82b6581bff09343e833f56f5c5e0ceef') in 0.003714 seconds 
  Import took 0.006888 seconds .

========================================================================
Received Import Request.
  Time since last request: 12.617221 seconds.
  path: Assets/SkyBox Volume 2/DeepSpaceGreen
  artifactKey: Guid(71b9224600859394ca5000c736de3ac1) Importer(815301076,1909f56bfc062723c751e8b465ee728b)
Start importing Assets/SkyBox Volume 2/DeepSpaceGreen using Guid(71b9224600859394ca5000c736de3ac1) Importer(815301076,1909f56bfc062723c751e8b465ee728b)  -> (artifact id: '54b163867e8bfeb9552294c6c86c0ea8') in 0.005674 seconds 
  Import took 0.010412 seconds .

========================================================================
Received Import Request.
  Time since last request: 0.089205 seconds.
  path: Assets/SkyBox Volume 2/DeepSpaceGreen/backImage.png
  artifactKey: Guid(968c95c521a144942bcb53ab0dba230e) Importer(815301076,1909f56bfc062723c751e8b465ee728b)
Start importing Assets/SkyBox Volume 2/DeepSpaceGreen/backImage.png using Guid(968c95c521a144942bcb53ab0dba230e) Importer(815301076,1909f56bfc062723c751e8b465ee728b)  -> (artifact id: '3311115292be7b04e9d819d695408b04') in 0.037129 seconds 
  Import took 0.046335 seconds .

========================================================================
Received Import Request.
  Time since last request: 0.000561 seconds.
  path: Assets/SkyBox Volume 2/DeepSpaceGreen/downImage.png
  artifactKey: Guid(8fa9128ee1c5bf84bbe093c7f8a0523a) Importer(815301076,1909f56bfc062723c751e8b465ee728b)
Start importing Assets/SkyBox Volume 2/DeepSpaceGreen/downImage.png using Guid(8fa9128ee1c5bf84bbe093c7f8a0523a) Importer(815301076,1909f56bfc062723c751e8b465ee728b)  -> (artifact id: '235bb2994954a29927c3b89ee6db9997') in 0.021481 seconds 
  Import took 0.025712 seconds .

========================================================================
Received Import Request.
  Time since last request: 0.000787 seconds.
  path: Assets/SkyBox Volume 2/DeepSpaceGreen/upImage.png
  artifactKey: Guid(376b86c8806901b4990daf9dc1615895) Importer(815301076,1909f56bfc062723c751e8b465ee728b)
Start importing Assets/SkyBox Volume 2/DeepSpaceGreen/upImage.png using Guid(376b86c8806901b4990daf9dc1615895) Importer(815301076,1909f56bfc062723c751e8b465ee728b)  -> (artifact id: '182003df9a43e1190ead8e47453195cb') in 0.021687 seconds 
  Import took 0.027827 seconds .

========================================================================
Received Import Request.
  Time since last request: 0.000588 seconds.
  path: Assets/SkyBox Volume 2/DeepSpaceGreen/frontImage.png
  artifactKey: Guid(05a43da33c7eccf46bfece6a05db470f) Importer(815301076,1909f56bfc062723c751e8b465ee728b)
Start importing Assets/SkyBox Volume 2/DeepSpaceGreen/frontImage.png using Guid(05a43da33c7eccf46bfece6a05db470f) Importer(815301076,1909f56bfc062723c751e8b465ee728b)  -> (artifact id: '036758e1a7aa91c9a2164fd17612d174') in 0.020664 seconds 
  Import took 0.025445 seconds .

========================================================================
Received Import Request.
  Time since last request: 0.000452 seconds.
  path: Assets/SkyBox Volume 2/DeepSpaceGreen/leftImage.png
  artifactKey: Guid(b3e3bb55f10dc644daa8a354dc0030ed) Importer(815301076,1909f56bfc062723c751e8b465ee728b)
Start importing Assets/SkyBox Volume 2/DeepSpaceGreen/leftImage.png using Guid(b3e3bb55f10dc644daa8a354dc0030ed) Importer(815301076,1909f56bfc062723c751e8b465ee728b)  -> (artifact id: '1059beac9aa8151c4aef9f14ed46f936') in 0.024395 seconds 
  Import took 0.028874 seconds .

========================================================================
Received Import Request.
  Time since last request: 0.000530 seconds.
  path: Assets/SkyBox Volume 2/DeepSpaceGreen/DSG.mat
  artifactKey: Guid(a07fadb24ea940240afba3afc1a692cc) Importer(815301076,1909f56bfc062723c751e8b465ee728b)
Start importing Assets/SkyBox Volume 2/DeepSpaceGreen/DSG.mat using Guid(a07fadb24ea940240afba3afc1a692cc) Importer(815301076,1909f56bfc062723c751e8b465ee728b)  -> (artifact id: '2127d1d70ef10575f250dd6b32aa4fe7') in 0.048131 seconds 
  Import took 0.054039 seconds .

========================================================================
Received Import Request.
  Time since last request: 0.000850 seconds.
  path: Assets/SkyBox Volume 2/DeepSpaceGreen/rightImage.png
  artifactKey: Guid(7cc04e6ef3221c043afaef956af7b86f) Importer(815301076,1909f56bfc062723c751e8b465ee728b)
Start importing Assets/SkyBox Volume 2/DeepSpaceGreen/rightImage.png using Guid(7cc04e6ef3221c043afaef956af7b86f) Importer(815301076,1909f56bfc062723c751e8b465ee728b)  -> (artifact id: 'b549037bd849d32ff3d5c941854751d8') in 0.025400 seconds 
  Import took 0.030250 seconds .

========================================================================
Received Import Request.
  Time since last request: 7.371841 seconds.
  path: Assets/SkyBox Volume 2/DeepSpaceGreenWithPlanet
  artifactKey: Guid(11295ca9e78d1ce4f8208baaabfb6a74) Importer(815301076,1909f56bfc062723c751e8b465ee728b)
Start importing Assets/SkyBox Volume 2/DeepSpaceGreenWithPlanet using Guid(11295ca9e78d1ce4f8208baaabfb6a74) Importer(815301076,1909f56bfc062723c751e8b465ee728b)  -> (artifact id: 'd9dd0cb292c761f3e2e05d922caec4c2') in 0.006376 seconds 
  Import took 0.010723 seconds .

========================================================================
Received Import Request.
  Time since last request: 0.094223 seconds.
  path: Assets/SkyBox Volume 2/DeepSpaceGreenWithPlanet/backImage.png
  artifactKey: Guid(b8eac033bd49f0f4a8914a7454a2ec3c) Importer(815301076,1909f56bfc062723c751e8b465ee728b)
Start importing Assets/SkyBox Volume 2/DeepSpaceGreenWithPlanet/backImage.png using Guid(b8eac033bd49f0f4a8914a7454a2ec3c) Importer(815301076,1909f56bfc062723c751e8b465ee728b)  -> (artifact id: 'dd970114587988add54868616a711f5e') in 0.032301 seconds 
  Import took 0.038812 seconds .

========================================================================
Received Import Request.
  Time since last request: 0.000865 seconds.
  path: Assets/SkyBox Volume 2/DeepSpaceGreenWithPlanet/upImage.png
  artifactKey: Guid(82671bcdbbcc6f54c86c3c2c6ed06aa8) Importer(815301076,1909f56bfc062723c751e8b465ee728b)
Start importing Assets/SkyBox Volume 2/DeepSpaceGreenWithPlanet/upImage.png using Guid(82671bcdbbcc6f54c86c3c2c6ed06aa8) Importer(815301076,1909f56bfc062723c751e8b465ee728b)  -> (artifact id: 'c6788206d98f8ccbf6d723bd8108aab8') in 0.020324 seconds 
  Import took 0.024766 seconds .

========================================================================
Received Import Request.
  Time since last request: 0.000381 seconds.
  path: Assets/SkyBox Volume 2/DeepSpaceGreenWithPlanet/downImage.png
  artifactKey: Guid(06d8be9df22e9d443a0aefb29905bd87) Importer(815301076,1909f56bfc062723c751e8b465ee728b)
Start importing Assets/SkyBox Volume 2/DeepSpaceGreenWithPlanet/downImage.png using Guid(06d8be9df22e9d443a0aefb29905bd87) Importer(815301076,1909f56bfc062723c751e8b465ee728b)  -> (artifact id: 'b0b368245d0517156a27cf0ac09215ee') in 0.028754 seconds 
  Import took 0.034231 seconds .

========================================================================
Received Import Request.
  Time since last request: 0.000670 seconds.
  path: Assets/SkyBox Volume 2/DeepSpaceGreenWithPlanet/DSGWP.mat
  artifactKey: Guid(5b21c6a8ce40f9641bd1204324b90b2c) Importer(815301076,1909f56bfc062723c751e8b465ee728b)
Start importing Assets/SkyBox Volume 2/DeepSpaceGreenWithPlanet/DSGWP.mat using Guid(5b21c6a8ce40f9641bd1204324b90b2c) Importer(815301076,1909f56bfc062723c751e8b465ee728b)  -> (artifact id: '7ebb26bc199da537af5dfe0f1179e1d0') in 0.047928 seconds 
  Import took 0.054388 seconds .

========================================================================
Received Import Request.
  Time since last request: 0.000825 seconds.
  path: Assets/SkyBox Volume 2/DeepSpaceGreenWithPlanet/leftImage.png
  artifactKey: Guid(25f74bd5fd43fe94a9bf7a33040c8fbf) Importer(815301076,1909f56bfc062723c751e8b465ee728b)
Start importing Assets/SkyBox Volume 2/DeepSpaceGreenWithPlanet/leftImage.png using Guid(25f74bd5fd43fe94a9bf7a33040c8fbf) Importer(815301076,1909f56bfc062723c751e8b465ee728b)  -> (artifact id: '44b73d3fd2f759b243dad5e6a9404af1') in 0.025872 seconds 
  Import took 0.030904 seconds .

========================================================================
Received Import Request.
  Time since last request: 0.000538 seconds.
  path: Assets/SkyBox Volume 2/DeepSpaceGreenWithPlanet/frontImage.png
  artifactKey: Guid(400d172508883dc4eb23264cb156581f) Importer(815301076,1909f56bfc062723c751e8b465ee728b)
Start importing Assets/SkyBox Volume 2/DeepSpaceGreenWithPlanet/frontImage.png using Guid(400d172508883dc4eb23264cb156581f) Importer(815301076,1909f56bfc062723c751e8b465ee728b)  -> (artifact id: '31bf47d7a5b12c224c33afcca480d162') in 0.023611 seconds 
  Import took 0.027622 seconds .

========================================================================
Received Import Request.
  Time since last request: 0.000556 seconds.
  path: Assets/SkyBox Volume 2/DeepSpaceGreenWithPlanet/rightImage.png
  artifactKey: Guid(61e6c3739167eb34abfef78dcc131203) Importer(815301076,1909f56bfc062723c751e8b465ee728b)
Start importing Assets/SkyBox Volume 2/DeepSpaceGreenWithPlanet/rightImage.png using Guid(61e6c3739167eb34abfef78dcc131203) Importer(815301076,1909f56bfc062723c751e8b465ee728b)  -> (artifact id: 'afbfb5d3936b7a6ef3abb74619458332') in 0.020661 seconds 
  Import took 0.025400 seconds .

========================================================================
Received Import Request.
  Time since last request: 7.886261 seconds.
  path: Assets/SkyBox Volume 2/DeepSpaceRed/backImage.png
  artifactKey: Guid(0d37d5a7bd77d4c4d87538ec79a8c071) Importer(815301076,1909f56bfc062723c751e8b465ee728b)
Start importing Assets/SkyBox Volume 2/DeepSpaceRed/backImage.png using Guid(0d37d5a7bd77d4c4d87538ec79a8c071) Importer(815301076,1909f56bfc062723c751e8b465ee728b)  -> (artifact id: '3f74ebeb8977ef9f5e56b01afd9c7ec7') in 0.017171 seconds 
  Import took 0.021910 seconds .

========================================================================
Received Import Request.
  Time since last request: 0.000825 seconds.
  path: Assets/SkyBox Volume 2/DeepSpaceRed/leftImage.png
  artifactKey: Guid(f4ff7b3598c10f443b97a6624d7226e1) Importer(815301076,1909f56bfc062723c751e8b465ee728b)
Start importing Assets/SkyBox Volume 2/DeepSpaceRed/leftImage.png using Guid(f4ff7b3598c10f443b97a6624d7226e1) Importer(815301076,1909f56bfc062723c751e8b465ee728b)  -> (artifact id: '38748f9e8ed3b860f7d1b84579015717') in 0.024690 seconds 
  Import took 0.030274 seconds .

========================================================================
Received Import Request.
  Time since last request: 0.000572 seconds.
  path: Assets/SkyBox Volume 2/DeepSpaceRed/DSR.mat
  artifactKey: Guid(966766f4829d6ad419eaaf7cf0712f85) Importer(815301076,1909f56bfc062723c751e8b465ee728b)
Start importing Assets/SkyBox Volume 2/DeepSpaceRed/DSR.mat using Guid(966766f4829d6ad419eaaf7cf0712f85) Importer(815301076,1909f56bfc062723c751e8b465ee728b)  -> (artifact id: '883d666d43e78fbd94fc5e3c01d8cc03') in 0.049067 seconds 
  Import took 0.052778 seconds .

========================================================================
Received Import Request.
  Time since last request: 0.000670 seconds.
  path: Assets/SkyBox Volume 2/DeepSpaceRed/frontImage.png
  artifactKey: Guid(8ded2db630cde5548a1cb01fe3ffea49) Importer(815301076,1909f56bfc062723c751e8b465ee728b)
Start importing Assets/SkyBox Volume 2/DeepSpaceRed/frontImage.png using Guid(8ded2db630cde5548a1cb01fe3ffea49) Importer(815301076,1909f56bfc062723c751e8b465ee728b)  -> (artifact id: '11f13f563a1d5d3fb92eacb8b31b56f3') in 0.020499 seconds 
  Import took 0.024623 seconds .

========================================================================
Received Import Request.
  Time since last request: 0.000475 seconds.
  path: Assets/SkyBox Volume 2/DeepSpaceRed/downImage.png
  artifactKey: Guid(bf0c0b6ba4b05d843b2035b5af2141c8) Importer(815301076,1909f56bfc062723c751e8b465ee728b)
Start importing Assets/SkyBox Volume 2/DeepSpaceRed/downImage.png using Guid(bf0c0b6ba4b05d843b2035b5af2141c8) Importer(815301076,1909f56bfc062723c751e8b465ee728b)  -> (artifact id: '4164e031051ad285c976e4bba5ce46fe') in 0.018557 seconds 
  Import took 0.024337 seconds .

========================================================================
Received Import Request.
  Time since last request: 0.000329 seconds.
  path: Assets/SkyBox Volume 2/DeepSpaceRed/upImage.png
  artifactKey: Guid(640a66a6c0d7e9a43950f36dd7dc9094) Importer(815301076,1909f56bfc062723c751e8b465ee728b)
Start importing Assets/SkyBox Volume 2/DeepSpaceRed/upImage.png using Guid(640a66a6c0d7e9a43950f36dd7dc9094) Importer(815301076,1909f56bfc062723c751e8b465ee728b)  -> (artifact id: 'b4d5348dfc1ced6bb315636d1f87b4e7') in 0.021536 seconds 
  Import took 0.025691 seconds .

========================================================================
Received Import Request.
  Time since last request: 0.000611 seconds.
  path: Assets/SkyBox Volume 2/DeepSpaceRed/rightImage.png
  artifactKey: Guid(6ea2e7ab328ea214a97f55c279f4a884) Importer(815301076,1909f56bfc062723c751e8b465ee728b)
Start importing Assets/SkyBox Volume 2/DeepSpaceRed/rightImage.png using Guid(6ea2e7ab328ea214a97f55c279f4a884) Importer(815301076,1909f56bfc062723c751e8b465ee728b)  -> (artifact id: 'bcb19e9e675c96292ca2b18ac9964fdc') in 0.019360 seconds 
  Import took 0.023247 seconds .

========================================================================
Received Import Request.
  Time since last request: 7.812200 seconds.
  path: Assets/SkyBox Volume 2/DeepsSpaceRedWithPlanet/backImage.png
  artifactKey: Guid(6601b262566e8ed48bcd94e544e0fd2d) Importer(815301076,1909f56bfc062723c751e8b465ee728b)
Start importing Assets/SkyBox Volume 2/DeepsSpaceRedWithPlanet/backImage.png using Guid(6601b262566e8ed48bcd94e544e0fd2d) Importer(815301076,1909f56bfc062723c751e8b465ee728b)  -> (artifact id: '707d3426782cd63d0b4c1981dcc00e9a') in 0.018153 seconds 
  Import took 0.023179 seconds .

========================================================================
Received Import Request.
  Time since last request: 0.000542 seconds.
  path: Assets/SkyBox Volume 2/DeepsSpaceRedWithPlanet/upImage.png
  artifactKey: Guid(f0035d6da7d976a4f9e7d23bfa0fe7dc) Importer(815301076,1909f56bfc062723c751e8b465ee728b)
Start importing Assets/SkyBox Volume 2/DeepsSpaceRedWithPlanet/upImage.png using Guid(f0035d6da7d976a4f9e7d23bfa0fe7dc) Importer(815301076,1909f56bfc062723c751e8b465ee728b)  -> (artifact id: '91ee49e095e2ed3fafe9346c2b260a3f') in 0.017358 seconds 
  Import took 0.020668 seconds .

========================================================================
Received Import Request.
  Time since last request: 0.000448 seconds.
  path: Assets/SkyBox Volume 2/DeepsSpaceRedWithPlanet/DSRWP.mat
  artifactKey: Guid(19e2485c6f92d6944ad20466ac77b04c) Importer(815301076,1909f56bfc062723c751e8b465ee728b)
Start importing Assets/SkyBox Volume 2/DeepsSpaceRedWithPlanet/DSRWP.mat using Guid(19e2485c6f92d6944ad20466ac77b04c) Importer(815301076,1909f56bfc062723c751e8b465ee728b)  -> (artifact id: 'cfbf14c71251419eaf79b5515cd6b23f') in 0.051836 seconds 
  Import took 0.058968 seconds .

========================================================================
Received Import Request.
  Time since last request: 0.000681 seconds.
  path: Assets/SkyBox Volume 2/DeepsSpaceRedWithPlanet/leftImage.png
  artifactKey: Guid(547e367b5b43c494e90431a6e38e87ac) Importer(815301076,1909f56bfc062723c751e8b465ee728b)
Start importing Assets/SkyBox Volume 2/DeepsSpaceRedWithPlanet/leftImage.png using Guid(547e367b5b43c494e90431a6e38e87ac) Importer(815301076,1909f56bfc062723c751e8b465ee728b)  -> (artifact id: 'af083a988c7d943321f7cdfe9d18bc96') in 0.022219 seconds 
  Import took 0.027390 seconds .

========================================================================
Received Import Request.
  Time since last request: 0.000478 seconds.
  path: Assets/SkyBox Volume 2/DeepsSpaceRedWithPlanet/rightImage.png
  artifactKey: Guid(8d156f0545930a942b2ca6ed792014e9) Importer(815301076,1909f56bfc062723c751e8b465ee728b)
Start importing Assets/SkyBox Volume 2/DeepsSpaceRedWithPlanet/rightImage.png using Guid(8d156f0545930a942b2ca6ed792014e9) Importer(815301076,1909f56bfc062723c751e8b465ee728b)  -> (artifact id: 'e7eff130b93ba5ca5e1c0c3a438ea980') in 0.025018 seconds 
  Import took 0.031284 seconds .

========================================================================
Received Import Request.
  Time since last request: 0.000511 seconds.
  path: Assets/SkyBox Volume 2/DeepsSpaceRedWithPlanet/frontImage.png
  artifactKey: Guid(7e077c5370349b247929c95a8b8ce75e) Importer(815301076,1909f56bfc062723c751e8b465ee728b)
Start importing Assets/SkyBox Volume 2/DeepsSpaceRedWithPlanet/frontImage.png using Guid(7e077c5370349b247929c95a8b8ce75e) Importer(815301076,1909f56bfc062723c751e8b465ee728b)  -> (artifact id: 'aa6257c5ca7783162f10bdc4167d5a76') in 0.024132 seconds 
  Import took 0.029792 seconds .

========================================================================
Received Import Request.
  Time since last request: 0.000556 seconds.
  path: Assets/SkyBox Volume 2/DeepsSpaceRedWithPlanet/downImage.png
  artifactKey: Guid(fe24c1d3a8341df488806f47b3a72356) Importer(815301076,1909f56bfc062723c751e8b465ee728b)
Start importing Assets/SkyBox Volume 2/DeepsSpaceRedWithPlanet/downImage.png using Guid(fe24c1d3a8341df488806f47b3a72356) Importer(815301076,1909f56bfc062723c751e8b465ee728b)  -> (artifact id: 'fb8eb2f8e7e4c25b4a77f7f78fcb3899') in 0.020847 seconds 
  Import took 0.029550 seconds .

========================================================================
Received Import Request.
  Time since last request: 63.248546 seconds.
  path: Assets/Materials/Test/TestMaterial1.mat
  artifactKey: Guid(4e95d3dc3c63a434a83c0f9bc952ea80) Importer(815301076,1909f56bfc062723c751e8b465ee728b)
Start importing Assets/Materials/Test/TestMaterial1.mat using Guid(4e95d3dc3c63a434a83c0f9bc952ea80) Importer(815301076,1909f56bfc062723c751e8b465ee728b)  -> (artifact id: '1cf870e65d0e351a8ec7631743607339') in 0.022874 seconds 
  Import took 0.027482 seconds .

========================================================================
Received Import Request.
  Time since last request: 16.582914 seconds.
  path: Assets/Materials/Test/TestMaterial1.mat
  artifactKey: Guid(4e95d3dc3c63a434a83c0f9bc952ea80) Importer(815301076,1909f56bfc062723c751e8b465ee728b)
Start importing Assets/Materials/Test/TestMaterial1.mat using Guid(4e95d3dc3c63a434a83c0f9bc952ea80) Importer(815301076,1909f56bfc062723c751e8b465ee728b)  -> (artifact id: 'ba5e2eefa06bd262217cca03453b4b5b') in 0.025768 seconds 
  Import took 0.029920 seconds .

========================================================================
Received Import Request.
  Time since last request: 17.341168 seconds.
  path: Assets/Materials/Test/TestMaterial2 1.mat
  artifactKey: Guid(0f743f6f3e8d829489f9bed2d3d7b23b) Importer(815301076,1909f56bfc062723c751e8b465ee728b)
Start importing Assets/Materials/Test/TestMaterial2 1.mat using Guid(0f743f6f3e8d829489f9bed2d3d7b23b) Importer(815301076,1909f56bfc062723c751e8b465ee728b)  -> (artifact id: 'b01cca8104d65093bad2ce560a1554f9') in 0.017916 seconds 
  Import took 0.021560 seconds .

========================================================================
Received Import Request.
  Time since last request: 26.092656 seconds.
  path: Assets/Materials/Test/TestMaterial2.mat
  artifactKey: Guid(0f743f6f3e8d829489f9bed2d3d7b23b) Importer(815301076,1909f56bfc062723c751e8b465ee728b)
Start importing Assets/Materials/Test/TestMaterial2.mat using Guid(0f743f6f3e8d829489f9bed2d3d7b23b) Importer(815301076,1909f56bfc062723c751e8b465ee728b)  -> (artifact id: '37a0dfbf616505efde239d50f9ccb9da') in 0.017411 seconds 
  Import took 0.021584 seconds .

========================================================================
Received Prepare
Registering precompiled user dll's ...
Registered in 0.006057 seconds.
Begin MonoManager ReloadAssembly
Native extension for WindowsStandalone target not found
Refreshing native plugins compatible for Editor in 0.59 ms, found 2 plugins.
Preloading 0 native plugins for Editor in 0.00 ms.
Mono: successfully reloaded assembly
- Completed reload, in  1.712 seconds
Domain Reload Profiling:
	ReloadAssembly (1713ms)
		BeginReloadAssembly (203ms)
			ExecutionOrderSort (0ms)
			DisableScriptedObjects (7ms)
			BackupInstance (0ms)
			ReleaseScriptingObjects (0ms)
			CreateAndSetChildDomain (54ms)
		EndReloadAssembly (1389ms)
			LoadAssemblies (166ms)
			RebuildTransferFunctionScriptingTraits (0ms)
			SetupTypeCache (484ms)
			ReleaseScriptCaches (1ms)
			RebuildScriptCaches (69ms)
			SetupLoadedEditorAssemblies (512ms)
				LogAssemblyErrors (0ms)
				InitializePlatformSupportModulesInManaged (9ms)
				SetLoadedEditorAssemblies (1ms)
				RefreshPlugins (1ms)
				BeforeProcessingInitializeOnLoad (138ms)
				ProcessInitializeOnLoadAttributes (343ms)
				ProcessInitializeOnLoadMethodAttributes (8ms)
				AfterProcessingInitializeOnLoad (12ms)
				EditorAssembliesLoaded (0ms)
			ExecutionOrderSort2 (0ms)
			AwakeInstancesAfterBackupRestoration (11ms)
Platform modules already initialized, skipping
Refreshing native plugins compatible for Editor in 0.48 ms, found 2 plugins.
Preloading 0 native plugins for Editor in 0.00 ms.
Unloading 1406 Unused Serialized files (Serialized files now loaded: 0)
System memory in use before: 69.1 MB.
System memory in use after: 69.2 MB.

Unloading 11 unused Assets to reduce memory usage. Loaded Objects now: 1894.
Total: 5.210400 ms (FindLiveObjects: 0.181700 ms CreateObjectMapping: 0.062300 ms MarkObjects: 4.933200 ms  DeleteObjects: 0.031500 ms)

AssetImportParameters requested are different than current active one (requested -> active):
  custom:framework-win-MediaFoundation: 216162199b28c13a410421893ffa2e32 -> 
  custom:video-decoder-ogg-theora: a1e56fd34408186e4bbccfd4996cb3dc -> 
  custom:container-muxer-webm: aa71ff27fc2769a1b78a27578f13a17b -> 
  custom:container-demuxer-webm: 4f35f7cbe854078d1ac9338744f61a02 -> 
  custom:container-demuxer-ogg: 62fdf1f143b41e24485cea50d1cbac27 -> 
  custom:video-encoder-webm-vp8: eb34c28f22e8b96e1ab97ce403110664 -> 
  custom:video-codec-MediaFoundation-h265: 746d11721c4dcdbdad8f713fa42b33f4 -> 
  custom:video-decoder-webm-vp8: 9c59270c3fd7afecdb556c50c9e8de78 -> 
  custom:audio-decoder-ogg-vorbis: bf7c407c2cedff20999df2af8eb42d56 -> 
  custom:audio-encoder-webm-vorbis: bf7c407c2cedff20999df2af8eb42d56 -> 
AssetImportWorkerClient::OnTransportError - code=2 error=End of file
